Starting DiffQAS Training on tron06.umiacs.umd.edu
Allocated CPUs: 16
Allocated GPU: 0
Initializing 4 parallel environments with Frame Stacking...
DiffQAS initialized with 12 high-value architectures.
Starting Training: 4 Envs | 1024 Steps/Env | Batch Size 4096
--- Update 1 | Global Step 4096 | Episode return mean (this update): 0.10 | episodes: 16
--- Update 2 | Global Step 8192 | Episode return mean (this update): 0.09 | episodes: 17
--- Update 3 | Global Step 12288 | Episode return mean (this update): 0.11 | episodes: 16
--- Update 4 | Global Step 16384 | Episode return mean (this update): 0.13 | episodes: 19
--- Update 5 | Global Step 20480 | Episode return mean (this update): 0.13 | episodes: 18
  Active Architectures: 12 / 12
--- Update 6 | Global Step 24576 | Episode return mean (this update): 0.13 | episodes: 18
--- Update 7 | Global Step 28672 | Episode return mean (this update): 0.13 | episodes: 19
--- Update 8 | Global Step 32768 | Episode return mean (this update): 0.22 | episodes: 20
--- Update 9 | Global Step 36864 | Episode return mean (this update): 0.43 | episodes: 25
--- Update 10 | Global Step 40960 | Episode return mean (this update): 0.45 | episodes: 27
  Active Architectures: 12 / 12
Saving checkpoint: runs/MiniGrid-Empty-8x8-v0_20251218-211115/checkpoints/checkpoint_update_10.pth
--- Update 11 | Global Step 45056 | Episode return mean (this update): 0.56 | episodes: 33
--- Update 12 | Global Step 49152 | Episode return mean (this update): 0.59 | episodes: 37
--- Update 13 | Global Step 53248 | Episode return mean (this update): 0.59 | episodes: 35
--- Update 14 | Global Step 57344 | Episode return mean (this update): 0.56 | episodes: 36
--- Update 15 | Global Step 61440 | Episode return mean (this update): 0.66 | episodes: 37
  Active Architectures: 12 / 12
--- Update 16 | Global Step 65536 | Episode return mean (this update): 0.63 | episodes: 43
--- Update 17 | Global Step 69632 | Episode return mean (this update): 0.47 | episodes: 28
--- Update 18 | Global Step 73728 | Episode return mean (this update): 0.55 | episodes: 34
--- Update 19 | Global Step 77824 | Episode return mean (this update): 0.64 | episodes: 39
--- Update 20 | Global Step 81920 | Episode return mean (this update): 0.44 | episodes: 28
  Active Architectures: 12 / 12
Saving checkpoint: runs/MiniGrid-Empty-8x8-v0_20251218-211115/checkpoints/checkpoint_update_20.pth
--- Update 21 | Global Step 86016 | Episode return mean (this update): 0.65 | episodes: 41
--- Update 22 | Global Step 90112 | Episode return mean (this update): 0.57 | episodes: 33
--- Update 23 | Global Step 94208 | Episode return mean (this update): 0.64 | episodes: 44
--- Update 24 | Global Step 98304 | Episode return mean (this update): 0.60 | episodes: 36
--- Update 25 | Global Step 102400 | Episode return mean (this update): 0.58 | episodes: 39
  Active Architectures: 12 / 12
--- Update 26 | Global Step 106496 | Episode return mean (this update): 0.64 | episodes: 39
--- Update 27 | Global Step 110592 | Episode return mean (this update): 0.67 | episodes: 44
--- Update 28 | Global Step 114688 | Episode return mean (this update): 0.71 | episodes: 48
--- Update 29 | Global Step 118784 | Episode return mean (this update): 0.76 | episodes: 64
--- Update 30 | Global Step 122880 | Episode return mean (this update): 0.68 | episodes: 45
  Active Architectures: 12 / 12
Saving checkpoint: runs/MiniGrid-Empty-8x8-v0_20251218-211115/checkpoints/checkpoint_update_30.pth
--- Update 31 | Global Step 126976 | Episode return mean (this update): 0.76 | episodes: 62
--- Update 32 | Global Step 131072 | Episode return mean (this update): 0.73 | episodes: 53
--- Update 33 | Global Step 135168 | Episode return mean (this update): 0.81 | episodes: 76
--- Update 34 | Global Step 139264 | Episode return mean (this update): 0.70 | episodes: 47
--- Update 35 | Global Step 143360 | Episode return mean (this update): 0.72 | episodes: 51
  Active Architectures: 12 / 12
--- Update 36 | Global Step 147456 | Episode return mean (this update): 0.74 | episodes: 56
--- Update 37 | Global Step 151552 | Episode return mean (this update): 0.78 | episodes: 64
--- Update 38 | Global Step 155648 | Episode return mean (this update): 0.80 | episodes: 69
--- Update 39 | Global Step 159744 | Episode return mean (this update): 0.76 | episodes: 61
--- Update 40 | Global Step 163840 | Episode return mean (this update): 0.76 | episodes: 60
  Active Architectures: 12 / 12
Saving checkpoint: runs/MiniGrid-Empty-8x8-v0_20251218-211115/checkpoints/checkpoint_update_40.pth
--- Update 41 | Global Step 167936 | Episode return mean (this update): 0.77 | episodes: 62
--- Update 42 | Global Step 172032 | Episode return mean (this update): 0.77 | episodes: 60
--- Update 43 | Global Step 176128 | Episode return mean (this update): 0.79 | episodes: 67
--- Update 44 | Global Step 180224 | Episode return mean (this update): 0.78 | episodes: 67
--- Update 45 | Global Step 184320 | Episode return mean (this update): 0.77 | episodes: 62
  Active Architectures: 12 / 12
--- Update 46 | Global Step 188416 | Episode return mean (this update): 0.80 | episodes: 70
--- Update 47 | Global Step 192512 | Episode return mean (this update): 0.81 | episodes: 72
--- Update 48 | Global Step 196608 | Episode return mean (this update): 0.80 | episodes: 74
--- Update 49 | Global Step 200704 | Episode return mean (this update): 0.80 | episodes: 69
--- Update 50 | Global Step 204800 | Episode return mean (this update): 0.83 | episodes: 83
  Active Architectures: 10 / 12
Saving checkpoint: runs/MiniGrid-Empty-8x8-v0_20251218-211115/checkpoints/checkpoint_update_50.pth
--- Update 51 | Global Step 208896 | Episode return mean (this update): 0.80 | episodes: 70
--- Update 52 | Global Step 212992 | Episode return mean (this update): 0.78 | episodes: 65
--- Update 53 | Global Step 217088 | Episode return mean (this update): 0.83 | episodes: 79
--- Update 54 | Global Step 221184 | Episode return mean (this update): 0.80 | episodes: 70
--- Update 55 | Global Step 225280 | Episode return mean (this update): 0.82 | episodes: 85
  Active Architectures: 10 / 12
--- Update 56 | Global Step 229376 | Episode return mean (this update): 0.81 | episodes: 75
--- Update 57 | Global Step 233472 | Episode return mean (this update): 0.83 | episodes: 84
--- Update 58 | Global Step 237568 | Episode return mean (this update): 0.84 | episodes: 89
--- Update 59 | Global Step 241664 | Episode return mean (this update): 0.85 | episodes: 91
--- Update 60 | Global Step 245760 | Episode return mean (this update): 0.83 | episodes: 78
  Active Architectures: 10 / 12
Saving checkpoint: runs/MiniGrid-Empty-8x8-v0_20251218-211115/checkpoints/checkpoint_update_60.pth
--- Update 61 | Global Step 249856 | Episode return mean (this update): 0.85 | episodes: 99
--- Update 62 | Global Step 253952 | Episode return mean (this update): 0.82 | episodes: 76
--- Update 63 | Global Step 258048 | Episode return mean (this update): 0.83 | episodes: 80
--- Update 64 | Global Step 262144 | Episode return mean (this update): 0.85 | episodes: 95
--- Update 65 | Global Step 266240 | Episode return mean (this update): 0.82 | episodes: 81
  Active Architectures: 10 / 12
--- Update 66 | Global Step 270336 | Episode return mean (this update): 0.81 | episodes: 76
--- Update 67 | Global Step 274432 | Episode return mean (this update): 0.81 | episodes: 75
--- Update 68 | Global Step 278528 | Episode return mean (this update): 0.86 | episodes: 104
--- Update 69 | Global Step 282624 | Episode return mean (this update): 0.85 | episodes: 95
--- Update 70 | Global Step 286720 | Episode return mean (this update): 0.85 | episodes: 92
  Active Architectures: 6 / 12
Saving checkpoint: runs/MiniGrid-Empty-8x8-v0_20251218-211115/checkpoints/checkpoint_update_70.pth
--- Update 71 | Global Step 290816 | Episode return mean (this update): 0.84 | episodes: 91
--- Update 72 | Global Step 294912 | Episode return mean (this update): 0.82 | episodes: 77
--- Update 73 | Global Step 299008 | Episode return mean (this update): 0.86 | episodes: 105
--- Update 74 | Global Step 303104 | Episode return mean (this update): 0.85 | episodes: 95
--- Update 75 | Global Step 307200 | Episode return mean (this update): 0.83 | episodes: 84
  Active Architectures: 4 / 12
--- Update 76 | Global Step 311296 | Episode return mean (this update): 0.86 | episodes: 104
--- Update 77 | Global Step 315392 | Episode return mean (this update): 0.86 | episodes: 103
--- Update 78 | Global Step 319488 | Episode return mean (this update): 0.84 | episodes: 91
--- Update 79 | Global Step 323584 | Episode return mean (this update): 0.85 | episodes: 91
--- Update 80 | Global Step 327680 | Episode return mean (this update): 0.86 | episodes: 101
  Active Architectures: 4 / 12
Saving checkpoint: runs/MiniGrid-Empty-8x8-v0_20251218-211115/checkpoints/checkpoint_update_80.pth
--- Update 81 | Global Step 331776 | Episode return mean (this update): 0.87 | episodes: 110
--- Update 82 | Global Step 335872 | Episode return mean (this update): 0.87 | episodes: 103
--- Update 83 | Global Step 339968 | Episode return mean (this update): 0.86 | episodes: 105
--- Update 84 | Global Step 344064 | Episode return mean (this update): 0.85 | episodes: 94
--- Update 85 | Global Step 348160 | Episode return mean (this update): 0.86 | episodes: 99
  Active Architectures: 4 / 12
--- Update 86 | Global Step 352256 | Episode return mean (this update): 0.86 | episodes: 100
--- Update 87 | Global Step 356352 | Episode return mean (this update): 0.88 | episodes: 118
--- Update 88 | Global Step 360448 | Episode return mean (this update): 0.87 | episodes: 110
--- Update 89 | Global Step 364544 | Episode return mean (this update): 0.87 | episodes: 104
--- Update 90 | Global Step 368640 | Episode return mean (this update): 0.87 | episodes: 112
  Active Architectures: 4 / 12
Saving checkpoint: runs/MiniGrid-Empty-8x8-v0_20251218-211115/checkpoints/checkpoint_update_90.pth
--- Update 91 | Global Step 372736 | Episode return mean (this update): 0.88 | episodes: 121
--- Update 92 | Global Step 376832 | Episode return mean (this update): 0.87 | episodes: 109
--- Update 93 | Global Step 380928 | Episode return mean (this update): 0.88 | episodes: 117
--- Update 94 | Global Step 385024 | Episode return mean (this update): 0.90 | episodes: 141
--- Update 95 | Global Step 389120 | Episode return mean (this update): 0.90 | episodes: 144
  Active Architectures: 4 / 12
--- Update 96 | Global Step 393216 | Episode return mean (this update): 0.91 | episodes: 148
--- Update 97 | Global Step 397312 | Episode return mean (this update): 0.91 | episodes: 160
--- Update 98 | Global Step 401408 | Episode return mean (this update): 0.92 | episodes: 168
--- Update 99 | Global Step 405504 | Episode return mean (this update): 0.92 | episodes: 179
--- Update 100 | Global Step 409600 | Episode return mean (this update): 0.92 | episodes: 178
  Active Architectures: 4 / 12
Saving checkpoint: runs/MiniGrid-Empty-8x8-v0_20251218-211115/checkpoints/checkpoint_update_100.pth
--- Update 101 | Global Step 413696 | Episode return mean (this update): 0.92 | episodes: 184
--- Update 102 | Global Step 417792 | Episode return mean (this update): 0.93 | episodes: 209
--- Update 103 | Global Step 421888 | Episode return mean (this update): 0.93 | episodes: 206
--- Update 104 | Global Step 425984 | Episode return mean (this update): 0.93 | episodes: 203
--- Update 105 | Global Step 430080 | Episode return mean (this update): 0.94 | episodes: 225
  Active Architectures: 4 / 12
--- Update 106 | Global Step 434176 | Episode return mean (this update): 0.94 | episodes: 245
--- Update 107 | Global Step 438272 | Episode return mean (this update): 0.95 | episodes: 248
--- Update 108 | Global Step 442368 | Episode return mean (this update): 0.95 | episodes: 261
--- Update 109 | Global Step 446464 | Episode return mean (this update): 0.95 | episodes: 274
--- Update 110 | Global Step 450560 | Episode return mean (this update): 0.95 | episodes: 288
  Active Architectures: 4 / 12
Saving checkpoint: runs/MiniGrid-Empty-8x8-v0_20251218-211115/checkpoints/checkpoint_update_110.pth
--- Update 111 | Global Step 454656 | Episode return mean (this update): 0.96 | episodes: 298
--- Update 112 | Global Step 458752 | Episode return mean (this update): 0.96 | episodes: 301
--- Update 113 | Global Step 462848 | Episode return mean (this update): 0.96 | episodes: 307
--- Update 114 | Global Step 466944 | Episode return mean (this update): 0.96 | episodes: 325
--- Update 115 | Global Step 471040 | Episode return mean (this update): 0.96 | episodes: 322
  Active Architectures: 4 / 12
--- Update 116 | Global Step 475136 | Episode return mean (this update): 0.96 | episodes: 324
--- Update 117 | Global Step 479232 | Episode return mean (this update): 0.96 | episodes: 328
--- Update 118 | Global Step 483328 | Episode return mean (this update): 0.96 | episodes: 329
--- Update 119 | Global Step 487424 | Episode return mean (this update): 0.96 | episodes: 327
[DiffQAS] Hard-locked architecture 8 at update 119 (max_prob=0.9550)
--- Update 120 | Global Step 491520 | Episode return mean (this update): 0.96 | episodes: 330
  Active Architectures: 3 / 12
Saving checkpoint: runs/MiniGrid-Empty-8x8-v0_20251218-211115/checkpoints/checkpoint_update_120.pth
--- Update 121 | Global Step 495616 | Episode return mean (this update): 0.96 | episodes: 332
--- Update 122 | Global Step 499712 | Episode return mean (this update): 0.96 | episodes: 335
--- Update 123 | Global Step 503808 | Episode return mean (this update): 0.96 | episodes: 335
--- Update 124 | Global Step 507904 | Episode return mean (this update): 0.96 | episodes: 336
--- Update 125 | Global Step 512000 | Episode return mean (this update): 0.96 | episodes: 336
  Active Architectures: 2 / 12
--- Update 126 | Global Step 516096 | Episode return mean (this update): 0.96 | episodes: 339
--- Update 127 | Global Step 520192 | Episode return mean (this update): 0.96 | episodes: 338
--- Update 128 | Global Step 524288 | Episode return mean (this update): 0.96 | episodes: 338
--- Update 129 | Global Step 528384 | Episode return mean (this update): 0.96 | episodes: 338
--- Update 130 | Global Step 532480 | Episode return mean (this update): 0.96 | episodes: 337
  Active Architectures: 2 / 12
Saving checkpoint: runs/MiniGrid-Empty-8x8-v0_20251218-211115/checkpoints/checkpoint_update_130.pth
--- Update 131 | Global Step 536576 | Episode return mean (this update): 0.96 | episodes: 340
--- Update 132 | Global Step 540672 | Episode return mean (this update): 0.96 | episodes: 338
--- Update 133 | Global Step 544768 | Episode return mean (this update): 0.96 | episodes: 334
--- Update 134 | Global Step 548864 | Episode return mean (this update): 0.96 | episodes: 329
--- Update 135 | Global Step 552960 | Episode return mean (this update): 0.96 | episodes: 341
  Active Architectures: 2 / 12
--- Update 136 | Global Step 557056 | Episode return mean (this update): 0.96 | episodes: 336
--- Update 137 | Global Step 561152 | Episode return mean (this update): 0.96 | episodes: 337
--- Update 138 | Global Step 565248 | Episode return mean (this update): 0.96 | episodes: 340
--- Update 139 | Global Step 569344 | Episode return mean (this update): 0.96 | episodes: 340
--- Update 140 | Global Step 573440 | Episode return mean (this update): 0.96 | episodes: 339
  Active Architectures: 1 / 12
Saving checkpoint: runs/MiniGrid-Empty-8x8-v0_20251218-211115/checkpoints/checkpoint_update_140.pth
--- Update 141 | Global Step 577536 | Episode return mean (this update): 0.96 | episodes: 340
--- Update 142 | Global Step 581632 | Episode return mean (this update): 0.96 | episodes: 335
--- Update 143 | Global Step 585728 | Episode return mean (this update): 0.96 | episodes: 341
--- Update 144 | Global Step 589824 | Episode return mean (this update): 0.96 | episodes: 341
--- Update 145 | Global Step 593920 | Episode return mean (this update): 0.96 | episodes: 339
  Active Architectures: 1 / 12
--- Update 146 | Global Step 598016 | Episode return mean (this update): 0.96 | episodes: 336
--- Update 147 | Global Step 602112 | Episode return mean (this update): 0.96 | episodes: 340
--- Update 148 | Global Step 606208 | Episode return mean (this update): 0.96 | episodes: 340
--- Update 149 | Global Step 610304 | Episode return mean (this update): 0.96 | episodes: 340
--- Update 150 | Global Step 614400 | Episode return mean (this update): 0.96 | episodes: 340
  Active Architectures: 1 / 12
Saving checkpoint: runs/MiniGrid-Empty-8x8-v0_20251218-211115/checkpoints/checkpoint_update_150.pth
--- Update 151 | Global Step 618496 | Episode return mean (this update): 0.96 | episodes: 341
--- Update 152 | Global Step 622592 | Episode return mean (this update): 0.96 | episodes: 343
--- Update 153 | Global Step 626688 | Episode return mean (this update): 0.96 | episodes: 339
--- Update 154 | Global Step 630784 | Episode return mean (this update): 0.96 | episodes: 341
--- Update 155 | Global Step 634880 | Episode return mean (this update): 0.96 | episodes: 342
  Active Architectures: 1 / 12
--- Update 156 | Global Step 638976 | Episode return mean (this update): 0.96 | episodes: 339
--- Update 157 | Global Step 643072 | Episode return mean (this update): 0.96 | episodes: 341
--- Update 158 | Global Step 647168 | Episode return mean (this update): 0.00 | episodes: 15
--- Update 159 | Global Step 651264 | Episode return mean (this update): 0.69 | episodes: 46
--- Update 160 | Global Step 655360 | Episode return mean (this update): 0.74 | episodes: 59
  Active Architectures: 1 / 12
Saving checkpoint: runs/MiniGrid-Empty-8x8-v0_20251218-211115/checkpoints/checkpoint_update_160.pth
--- Update 161 | Global Step 659456 | Episode return mean (this update): 0.72 | episodes: 50
--- Update 162 | Global Step 663552 | Episode return mean (this update): 0.74 | episodes: 58
--- Update 163 | Global Step 667648 | Episode return mean (this update): 0.74 | episodes: 54
--- Update 164 | Global Step 671744 | Episode return mean (this update): 0.67 | episodes: 44
--- Update 165 | Global Step 675840 | Episode return mean (this update): 0.75 | episodes: 59
  Active Architectures: 1 / 12
--- Update 166 | Global Step 679936 | Episode return mean (this update): 0.72 | episodes: 47
--- Update 167 | Global Step 684032 | Episode return mean (this update): 0.76 | episodes: 63
--- Update 168 | Global Step 688128 | Episode return mean (this update): 0.74 | episodes: 55
--- Update 169 | Global Step 692224 | Episode return mean (this update): 0.77 | episodes: 62
--- Update 170 | Global Step 696320 | Episode return mean (this update): 0.73 | episodes: 53
  Active Architectures: 1 / 12
Saving checkpoint: runs/MiniGrid-Empty-8x8-v0_20251218-211115/checkpoints/checkpoint_update_170.pth
--- Update 171 | Global Step 700416 | Episode return mean (this update): 0.72 | episodes: 52
--- Update 172 | Global Step 704512 | Episode return mean (this update): 0.73 | episodes: 54
--- Update 173 | Global Step 708608 | Episode return mean (this update): 0.67 | episodes: 45
--- Update 174 | Global Step 712704 | Episode return mean (this update): 0.75 | episodes: 58
--- Update 175 | Global Step 716800 | Episode return mean (this update): 0.73 | episodes: 54
  Active Architectures: 1 / 12
--- Update 176 | Global Step 720896 | Episode return mean (this update): 0.77 | episodes: 64
--- Update 177 | Global Step 724992 | Episode return mean (this update): 0.78 | episodes: 61
--- Update 178 | Global Step 729088 | Episode return mean (this update): 0.76 | episodes: 54
--- Update 179 | Global Step 733184 | Episode return mean (this update): 0.79 | episodes: 74
--- Update 180 | Global Step 737280 | Episode return mean (this update): 0.81 | episodes: 78
  Active Architectures: 1 / 12
Saving checkpoint: runs/MiniGrid-Empty-8x8-v0_20251218-211115/checkpoints/checkpoint_update_180.pth
--- Update 181 | Global Step 741376 | Episode return mean (this update): 0.85 | episodes: 89
--- Update 182 | Global Step 745472 | Episode return mean (this update): 0.85 | episodes: 102
--- Update 183 | Global Step 749568 | Episode return mean (this update): 0.87 | episodes: 103
--- Update 184 | Global Step 753664 | Episode return mean (this update): 0.85 | episodes: 95
--- Update 185 | Global Step 757760 | Episode return mean (this update): 0.85 | episodes: 89
  Active Architectures: 1 / 12
--- Update 186 | Global Step 761856 | Episode return mean (this update): 0.84 | episodes: 92
--- Update 187 | Global Step 765952 | Episode return mean (this update): 0.87 | episodes: 107
--- Update 188 | Global Step 770048 | Episode return mean (this update): 0.86 | episodes: 106
--- Update 189 | Global Step 774144 | Episode return mean (this update): 0.85 | episodes: 95
--- Update 190 | Global Step 778240 | Episode return mean (this update): 0.88 | episodes: 109
  Active Architectures: 1 / 12
Saving checkpoint: runs/MiniGrid-Empty-8x8-v0_20251218-211115/checkpoints/checkpoint_update_190.pth
--- Update 191 | Global Step 782336 | Episode return mean (this update): 0.86 | episodes: 98
--- Update 192 | Global Step 786432 | Episode return mean (this update): 0.88 | episodes: 120
--- Update 193 | Global Step 790528 | Episode return mean (this update): 0.85 | episodes: 96
--- Update 194 | Global Step 794624 | Episode return mean (this update): 0.85 | episodes: 92
--- Update 195 | Global Step 798720 | Episode return mean (this update): 0.86 | episodes: 104
  Active Architectures: 1 / 12
--- Update 196 | Global Step 802816 | Episode return mean (this update): 0.87 | episodes: 107
--- Update 197 | Global Step 806912 | Episode return mean (this update): 0.88 | episodes: 122
--- Update 198 | Global Step 811008 | Episode return mean (this update): 0.87 | episodes: 110
--- Update 199 | Global Step 815104 | Episode return mean (this update): 0.86 | episodes: 101
--- Update 200 | Global Step 819200 | Episode return mean (this update): 0.86 | episodes: 106
  Active Architectures: 1 / 12
Saving checkpoint: runs/MiniGrid-Empty-8x8-v0_20251218-211115/checkpoints/checkpoint_update_200.pth
--- Update 201 | Global Step 823296 | Episode return mean (this update): 0.86 | episodes: 101
--- Update 202 | Global Step 827392 | Episode return mean (this update): 0.88 | episodes: 116
--- Update 203 | Global Step 831488 | Episode return mean (this update): 0.86 | episodes: 97
--- Update 204 | Global Step 835584 | Episode return mean (this update): 0.88 | episodes: 114
--- Update 205 | Global Step 839680 | Episode return mean (this update): 0.87 | episodes: 105
  Active Architectures: 1 / 12
--- Update 206 | Global Step 843776 | Episode return mean (this update): 0.87 | episodes: 102
--- Update 207 | Global Step 847872 | Episode return mean (this update): 0.88 | episodes: 126
--- Update 208 | Global Step 851968 | Episode return mean (this update): 0.87 | episodes: 106
--- Update 209 | Global Step 856064 | Episode return mean (this update): 0.86 | episodes: 104
--- Update 210 | Global Step 860160 | Episode return mean (this update): 0.86 | episodes: 103
  Active Architectures: 1 / 12
Saving checkpoint: runs/MiniGrid-Empty-8x8-v0_20251218-211115/checkpoints/checkpoint_update_210.pth
--- Update 211 | Global Step 864256 | Episode return mean (this update): 0.86 | episodes: 101
--- Update 212 | Global Step 868352 | Episode return mean (this update): 0.89 | episodes: 125
--- Update 213 | Global Step 872448 | Episode return mean (this update): 0.86 | episodes: 102
--- Update 214 | Global Step 876544 | Episode return mean (this update): 0.86 | episodes: 101
--- Update 215 | Global Step 880640 | Episode return mean (this update): 0.88 | episodes: 116
  Active Architectures: 1 / 12
--- Update 216 | Global Step 884736 | Episode return mean (this update): 0.87 | episodes: 108
--- Update 217 | Global Step 888832 | Episode return mean (this update): 0.89 | episodes: 122
--- Update 218 | Global Step 892928 | Episode return mean (this update): 0.87 | episodes: 108
--- Update 219 | Global Step 897024 | Episode return mean (this update): 0.88 | episodes: 120
--- Update 220 | Global Step 901120 | Episode return mean (this update): 0.89 | episodes: 130
  Active Architectures: 1 / 12
Saving checkpoint: runs/MiniGrid-Empty-8x8-v0_20251218-211115/checkpoints/checkpoint_update_220.pth
--- Update 221 | Global Step 905216 | Episode return mean (this update): 0.88 | episodes: 119
--- Update 222 | Global Step 909312 | Episode return mean (this update): 0.88 | episodes: 118
--- Update 223 | Global Step 913408 | Episode return mean (this update): 0.85 | episodes: 96
--- Update 224 | Global Step 917504 | Episode return mean (this update): 0.87 | episodes: 113
--- Update 225 | Global Step 921600 | Episode return mean (this update): 0.87 | episodes: 108
  Active Architectures: 1 / 12
--- Update 226 | Global Step 925696 | Episode return mean (this update): 0.87 | episodes: 104
--- Update 227 | Global Step 929792 | Episode return mean (this update): 0.87 | episodes: 112
--- Update 228 | Global Step 933888 | Episode return mean (this update): 0.86 | episodes: 101
--- Update 229 | Global Step 937984 | Episode return mean (this update): 0.86 | episodes: 102
--- Update 230 | Global Step 942080 | Episode return mean (this update): 0.85 | episodes: 92
  Active Architectures: 1 / 12
Saving checkpoint: runs/MiniGrid-Empty-8x8-v0_20251218-211115/checkpoints/checkpoint_update_230.pth
--- Update 231 | Global Step 946176 | Episode return mean (this update): 0.87 | episodes: 112
--- Update 232 | Global Step 950272 | Episode return mean (this update): 0.88 | episodes: 118
--- Update 233 | Global Step 954368 | Episode return mean (this update): 0.89 | episodes: 129
--- Update 234 | Global Step 958464 | Episode return mean (this update): 0.88 | episodes: 110
--- Update 235 | Global Step 962560 | Episode return mean (this update): 0.88 | episodes: 121
  Active Architectures: 1 / 12
--- Update 236 | Global Step 966656 | Episode return mean (this update): 0.88 | episodes: 122
--- Update 237 | Global Step 970752 | Episode return mean (this update): 0.89 | episodes: 123
--- Update 238 | Global Step 974848 | Episode return mean (this update): 0.87 | episodes: 105
--- Update 239 | Global Step 978944 | Episode return mean (this update): 0.87 | episodes: 108
--- Update 240 | Global Step 983040 | Episode return mean (this update): 0.88 | episodes: 113
  Active Architectures: 1 / 12
Saving checkpoint: runs/MiniGrid-Empty-8x8-v0_20251218-211115/checkpoints/checkpoint_update_240.pth
--- Update 241 | Global Step 987136 | Episode return mean (this update): 0.88 | episodes: 114
--- Update 242 | Global Step 991232 | Episode return mean (this update): 0.87 | episodes: 104
--- Update 243 | Global Step 995328 | Episode return mean (this update): 0.89 | episodes: 137
--- Update 244 | Global Step 999424 | Episode return mean (this update): 0.89 | episodes: 123
--- Update 245 | Global Step 1003520 | Episode return mean (this update): 0.87 | episodes: 106
  Active Architectures: 1 / 12
--- Update 246 | Global Step 1007616 | Episode return mean (this update): 0.87 | episodes: 114
--- Update 247 | Global Step 1011712 | Episode return mean (this update): 0.89 | episodes: 128
--- Update 248 | Global Step 1015808 | Episode return mean (this update): 0.87 | episodes: 110
--- Update 249 | Global Step 1019904 | Episode return mean (this update): 0.89 | episodes: 126
--- Update 250 | Global Step 1024000 | Episode return mean (this update): 0.86 | episodes: 101
  Active Architectures: 1 / 12
Saving checkpoint: runs/MiniGrid-Empty-8x8-v0_20251218-211115/checkpoints/checkpoint_update_250.pth
--- Update 251 | Global Step 1028096 | Episode return mean (this update): 0.87 | episodes: 114
--- Update 252 | Global Step 1032192 | Episode return mean (this update): 0.89 | episodes: 123
--- Update 253 | Global Step 1036288 | Episode return mean (this update): 0.89 | episodes: 122
--- Update 254 | Global Step 1040384 | Episode return mean (this update): 0.87 | episodes: 112
--- Update 255 | Global Step 1044480 | Episode return mean (this update): 0.89 | episodes: 123
  Active Architectures: 1 / 12
--- Update 256 | Global Step 1048576 | Episode return mean (this update): 0.87 | episodes: 109
--- Update 257 | Global Step 1052672 | Episode return mean (this update): 0.88 | episodes: 112
--- Update 258 | Global Step 1056768 | Episode return mean (this update): 0.88 | episodes: 119
--- Update 259 | Global Step 1060864 | Episode return mean (this update): 0.89 | episodes: 121
--- Update 260 | Global Step 1064960 | Episode return mean (this update): 0.89 | episodes: 131
  Active Architectures: 1 / 12
Saving checkpoint: runs/MiniGrid-Empty-8x8-v0_20251218-211115/checkpoints/checkpoint_update_260.pth
--- Update 261 | Global Step 1069056 | Episode return mean (this update): 0.89 | episodes: 122
--- Update 262 | Global Step 1073152 | Episode return mean (this update): 0.87 | episodes: 114
--- Update 263 | Global Step 1077248 | Episode return mean (this update): 0.87 | episodes: 109
--- Update 264 | Global Step 1081344 | Episode return mean (this update): 0.89 | episodes: 124
--- Update 265 | Global Step 1085440 | Episode return mean (this update): 0.90 | episodes: 139
  Active Architectures: 1 / 12
--- Update 266 | Global Step 1089536 | Episode return mean (this update): 0.89 | episodes: 121
--- Update 267 | Global Step 1093632 | Episode return mean (this update): 0.89 | episodes: 122
--- Update 268 | Global Step 1097728 | Episode return mean (this update): 0.89 | episodes: 133
--- Update 269 | Global Step 1101824 | Episode return mean (this update): 0.88 | episodes: 123
--- Update 270 | Global Step 1105920 | Episode return mean (this update): 0.88 | episodes: 114
  Active Architectures: 1 / 12
Saving checkpoint: runs/MiniGrid-Empty-8x8-v0_20251218-211115/checkpoints/checkpoint_update_270.pth
--- Update 271 | Global Step 1110016 | Episode return mean (this update): 0.87 | episodes: 111
--- Update 272 | Global Step 1114112 | Episode return mean (this update): 0.87 | episodes: 102
--- Update 273 | Global Step 1118208 | Episode return mean (this update): 0.88 | episodes: 120
--- Update 274 | Global Step 1122304 | Episode return mean (this update): 0.86 | episodes: 99
--- Update 275 | Global Step 1126400 | Episode return mean (this update): 0.87 | episodes: 112
  Active Architectures: 1 / 12
--- Update 276 | Global Step 1130496 | Episode return mean (this update): 0.87 | episodes: 110
--- Update 277 | Global Step 1134592 | Episode return mean (this update): 0.87 | episodes: 112
--- Update 278 | Global Step 1138688 | Episode return mean (this update): 0.87 | episodes: 106
--- Update 279 | Global Step 1142784 | Episode return mean (this update): 0.87 | episodes: 100
--- Update 280 | Global Step 1146880 | Episode return mean (this update): 0.87 | episodes: 106
  Active Architectures: 1 / 12
Saving checkpoint: runs/MiniGrid-Empty-8x8-v0_20251218-211115/checkpoints/checkpoint_update_280.pth
--- Update 281 | Global Step 1150976 | Episode return mean (this update): 0.88 | episodes: 120
--- Update 282 | Global Step 1155072 | Episode return mean (this update): 0.90 | episodes: 141
--- Update 283 | Global Step 1159168 | Episode return mean (this update): 0.87 | episodes: 111
--- Update 284 | Global Step 1163264 | Episode return mean (this update): 0.89 | episodes: 125
--- Update 285 | Global Step 1167360 | Episode return mean (this update): 0.88 | episodes: 115
  Active Architectures: 1 / 12
--- Update 286 | Global Step 1171456 | Episode return mean (this update): 0.89 | episodes: 125
--- Update 287 | Global Step 1175552 | Episode return mean (this update): 0.86 | episodes: 103
--- Update 288 | Global Step 1179648 | Episode return mean (this update): 0.87 | episodes: 107
--- Update 289 | Global Step 1183744 | Episode return mean (this update): 0.88 | episodes: 120
--- Update 290 | Global Step 1187840 | Episode return mean (this update): 0.88 | episodes: 117
  Active Architectures: 1 / 12
Saving checkpoint: runs/MiniGrid-Empty-8x8-v0_20251218-211115/checkpoints/checkpoint_update_290.pth
--- Update 291 | Global Step 1191936 | Episode return mean (this update): 0.88 | episodes: 115
--- Update 292 | Global Step 1196032 | Episode return mean (this update): 0.87 | episodes: 108
--- Update 293 | Global Step 1200128 | Episode return mean (this update): 0.87 | episodes: 106
--- Update 294 | Global Step 1204224 | Episode return mean (this update): 0.89 | episodes: 128
--- Update 295 | Global Step 1208320 | Episode return mean (this update): 0.88 | episodes: 116
  Active Architectures: 1 / 12
--- Update 296 | Global Step 1212416 | Episode return mean (this update): 0.86 | episodes: 104
--- Update 297 | Global Step 1216512 | Episode return mean (this update): 0.87 | episodes: 107
--- Update 298 | Global Step 1220608 | Episode return mean (this update): 0.88 | episodes: 121
--- Update 299 | Global Step 1224704 | Episode return mean (this update): 0.88 | episodes: 120
--- Update 300 | Global Step 1228800 | Episode return mean (this update): 0.88 | episodes: 117
  Active Architectures: 1 / 12
Saving checkpoint: runs/MiniGrid-Empty-8x8-v0_20251218-211115/checkpoints/checkpoint_update_300.pth
--- Update 301 | Global Step 1232896 | Episode return mean (this update): 0.88 | episodes: 117
--- Update 302 | Global Step 1236992 | Episode return mean (this update): 0.88 | episodes: 116
--- Update 303 | Global Step 1241088 | Episode return mean (this update): 0.88 | episodes: 121
--- Update 304 | Global Step 1245184 | Episode return mean (this update): 0.89 | episodes: 124
--- Update 305 | Global Step 1249280 | Episode return mean (this update): 0.87 | episodes: 112
  Active Architectures: 1 / 12
--- Update 306 | Global Step 1253376 | Episode return mean (this update): 0.89 | episodes: 125
--- Update 307 | Global Step 1257472 | Episode return mean (this update): 0.89 | episodes: 124
--- Update 308 | Global Step 1261568 | Episode return mean (this update): 0.88 | episodes: 114
--- Update 309 | Global Step 1265664 | Episode return mean (this update): 0.88 | episodes: 114
--- Update 310 | Global Step 1269760 | Episode return mean (this update): 0.88 | episodes: 116
  Active Architectures: 1 / 12
Saving checkpoint: runs/MiniGrid-Empty-8x8-v0_20251218-211115/checkpoints/checkpoint_update_310.pth
--- Update 311 | Global Step 1273856 | Episode return mean (this update): 0.89 | episodes: 130
--- Update 312 | Global Step 1277952 | Episode return mean (this update): 0.88 | episodes: 122
--- Update 313 | Global Step 1282048 | Episode return mean (this update): 0.88 | episodes: 114
--- Update 314 | Global Step 1286144 | Episode return mean (this update): 0.90 | episodes: 131
